[2014-08-15 15:33:02] START
[2014-08-15 15:33:39] CREATE db1_tables.py: 0
[2014-08-15 15:38:49] EDIT teamdrafter/models/db1_tables.py: 14
[2014-08-15 15:39:16] EDIT teamdrafter/models/db1_tables.py: 0
[2014-08-15 15:40:16] EDIT teamdrafter/models/db1_tables.py: 0
[2014-08-15 15:43:08] EDIT teamdrafter/models/db1_tables.py: 0
[2014-08-15 15:43:43] EDIT teamdrafter/models/db1_tables.py: 0
[2014-08-15 15:44:55] EDIT teamdrafter/models/db1_tables.py: 0
[2014-08-15 15:48:50] EDIT teamdrafter/controllers/default.py: -1
[2014-08-15 15:51:40] EDIT teamdrafter/models/db.py: 0
[2014-08-15 15:51:56] EDIT teamdrafter/models/db.py: 0
[2014-08-15 15:53:59] CREATE db0_config.py: 0
[2014-08-15 15:54:31] EDIT teamdrafter/models/db0_config.py: 1
[2014-08-15 15:54:49] EDIT teamdrafter/models/db0_config.py: -1
[2014-08-15 16:08:03] EDIT teamdrafter/models/db0_config.py: 1
[2014-08-15 16:08:10] EDIT teamdrafter/models/db0_config.py: 0
[2014-08-15 16:08:50] EDIT teamdrafter/models/db0_config.py: 0
[2014-08-15 16:12:55] EDIT teamdrafter/models/db0_config.py: 1
[2014-08-15 16:21:22] EDIT teamdrafter/models/db0_config.py: 8
[2014-08-15 16:23:17] EDIT teamdrafter/models/db0_config.py: -3
[2014-08-15 16:24:08] EDIT teamdrafter/models/db0_config.py: 0
[2014-08-15 16:26:44] EDIT teamdrafter/models/db0_config.py: 0
[2014-08-15 16:27:53] EDIT teamdrafter/models/db0_config.py: 0
[2014-08-15 16:34:58] EDIT teamdrafter/models/menu.py: 5
[2014-08-15 16:37:46] EDIT teamdrafter/models/menu.py: 1
[2014-08-15 16:38:31] EDIT teamdrafter/models/menu.py: 1
[2014-08-15 16:40:31] EDIT teamdrafter/models/db0_config.py: 0
[2014-08-15 16:43:22] EDIT team_drafter/controllers/default.py: 0
[2014-08-15 16:45:35] EDIT team_drafter/models/menu.py: 0
[2014-08-15 16:45:58] EDIT team_drafter/models/menu.py: 0
[2014-08-15 16:48:04] EDIT team_drafter/views/layout.html: 0
[2014-08-15 16:49:46] EDIT team_drafter/views/layout.html: 0
[2014-08-15 16:49:54] EDIT team_drafter/views/layout.html: 0
[2014-08-15 17:24:15] EDIT team_drafter/models/menu.py: 0
[2014-08-15 17:26:58] EDIT team_drafter/views/default/index.html: -13
[2014-08-15 17:27:23] EDIT team_drafter/views/default/index.html: -1
[2014-08-15 17:39:26] CREATE draft.py: 0
[2014-08-15 17:40:45] EDIT team_drafter/controllers/draft.py: 3
[2014-08-15 17:40:56] EDIT team_drafter/controllers/draft.py: 1
[2014-08-15 17:42:36] EDIT team_drafter/controllers/draft.py: 4
[2014-08-15 17:43:25] EDIT team_drafter/controllers/draft.py: 1
[2014-08-15 17:44:41] EDIT team_drafter/models/db1_tables.py: 4
[2014-08-15 17:45:37] EDIT team_drafter/controllers/draft.py: 0
[2014-08-15 17:46:45] EDIT team_drafter/models/db1_tables.py: 0
[2014-08-15 17:46:52] EDIT team_drafter/models/db0_config.py: 0
[2014-08-15 17:50:27] EDIT team_drafter/models/menu.py: 2
[2014-08-15 18:23:57] EDIT team_drafter/models/db1_tables.py: 1
[2014-08-15 18:29:17] EDIT team_drafter/controllers/draft.py: -2
[2014-08-15 18:31:43] EDIT team_drafter/models/menu.py: 1
[2014-08-15 18:38:13] EDIT team_drafter/controllers/draft.py: 2
[2014-08-15 20:59:04] EDIT team_drafter/models/db1_tables.py: 4
[2014-08-15 21:06:19] EDIT team_drafter/models/db1_tables.py: 1
[2014-08-15 21:09:06] EDIT team_drafter/models/db1_tables.py: -4
[2014-08-15 21:09:38] EDIT team_drafter/models/db1_tables.py: 4
[2014-08-15 21:27:56] EDIT team_drafter/models/db1_tables.py: 0
[2014-08-15 21:28:30] EDIT team_drafter/models/db1_tables.py: -3
[2014-08-15 21:28:57] EDIT team_drafter/models/db1_tables.py: 3
[2014-08-15 21:33:45] EDIT team_drafter/controllers/draft.py: 1
[2014-08-15 21:33:53] EDIT team_drafter/controllers/draft.py: 0
[2014-08-15 21:35:00] EDIT team_drafter/controllers/draft.py: 0
[2014-08-15 21:35:13] EDIT team_drafter/controllers/draft.py: 0
[2014-08-15 21:36:17] EDIT team_drafter/controllers/draft.py: 0
[2014-08-15 21:37:21] EDIT team_drafter/controllers/draft.py: 0
[2014-08-15 21:38:58] EDIT team_drafter/controllers/draft.py: 0
[2014-08-15 21:40:31] EDIT team_drafter/controllers/draft.py: 1
[2014-08-15 21:40:55] EDIT team_drafter/controllers/draft.py: 0
[2014-08-15 21:41:22] EDIT team_drafter/controllers/draft.py: 0
[2014-08-15 21:42:35] EDIT team_drafter/controllers/draft.py: 1
[2014-08-15 21:43:05] EDIT team_drafter/controllers/draft.py: 0
[2014-08-15 21:43:49] EDIT team_drafter/controllers/draft.py: 0
[2014-08-15 22:52:52] EDIT team_drafter/models/db1_tables.py: -5
[2014-08-15 22:55:40] EDIT team_drafter/controllers/draft.py: 1
[2014-08-15 22:57:35] EDIT team_drafter/controllers/draft.py: 0
[2014-08-15 22:58:10] EDIT team_drafter/controllers/draft.py: 0
[2014-08-15 22:58:28] EDIT team_drafter/controllers/draft.py: 0
[2014-08-15 23:00:10] EDIT team_drafter/models/db1_tables.py: 1
[2014-08-15 23:01:49] EDIT team_drafter/controllers/draft.py: 0
[2014-08-15 23:03:15] EDIT team_drafter/controllers/draft.py: 1
[2014-08-15 23:13:51] EDIT team_drafter/controllers/draft.py: 5
[2014-08-15 23:41:12] EDIT team_drafter/controllers/draft.py: 2
[2014-08-15 23:41:20] EDIT team_drafter/controllers/draft.py: 0
[2014-08-15 23:41:30] EDIT team_drafter/controllers/draft.py: 0
[2014-08-15 23:48:14] EDIT team_drafter/controllers/draft.py: 2
[2014-08-15 23:48:27] EDIT team_drafter/controllers/draft.py: 1
[2014-08-15 23:48:45] EDIT team_drafter/controllers/draft.py: 0
[2014-08-15 23:50:32] EDIT team_drafter/controllers/draft.py: 0
[2014-08-15 23:52:14] EDIT team_drafter/controllers/draft.py: 0
[2014-08-15 23:54:12] EDIT team_drafter/controllers/draft.py: 0
[2014-08-16 00:29:06] EDIT team_drafter/controllers/draft.py: 0
[2014-08-16 00:29:45] EDIT team_drafter/controllers/draft.py: 0
[2014-08-16 00:32:59] EDIT team_drafter/controllers/draft.py: 0
[2014-08-16 00:33:58] EDIT team_drafter/controllers/draft.py: 0
[2014-08-16 00:35:54] EDIT team_drafter/controllers/draft.py: 0
[2014-08-16 00:36:02] EDIT team_drafter/controllers/draft.py: 0
[2014-08-16 00:37:39] EDIT team_drafter/controllers/draft.py: -1
[2014-08-16 00:38:05] EDIT team_drafter/controllers/draft.py: 0
[2014-08-16 00:38:59] EDIT team_drafter/controllers/draft.py: 0
[2014-08-16 00:39:43] EDIT team_drafter/controllers/draft.py: 0
[2014-08-16 00:39:54] EDIT team_drafter/controllers/draft.py: 0
[2014-08-16 00:40:19] EDIT team_drafter/controllers/draft.py: -1
[2014-08-16 00:41:59] EDIT team_drafter/models/db1_tables.py: 2
[2014-08-16 00:43:21] EDIT team_drafter/models/db1_tables.py: 0
[2014-08-16 00:43:33] EDIT team_drafter/models/db1_tables.py: 0
[2014-08-16 00:46:40] EDIT team_drafter/models/db1_tables.py: 2
[2014-08-16 00:48:29] EDIT team_drafter/models/db0_config.py: 0
[2014-08-16 00:50:37] EDIT team_drafter/models/db1_tables.py: 2
[2014-08-16 00:51:26] EDIT team_drafter/models/db1_tables.py: 0
[2014-08-16 00:55:56] EDIT team_drafter/controllers/draft.py: 1
[2014-08-16 00:56:54] EDIT team_drafter/controllers/draft.py: 0
[2014-08-16 00:57:53] EDIT team_drafter/controllers/draft.py: 0
[2014-08-16 00:58:00] EDIT team_drafter/controllers/draft.py: 0
[2014-08-16 00:58:29] EDIT team_drafter/controllers/draft.py: 0
[2014-08-16 01:05:53] EDIT team_drafter/models/db0_config.py: -1
[2014-08-16 01:06:04] EDIT team_drafter/models/db0_config.py: 1
[2014-08-16 01:06:24] EDIT team_drafter/models/menu.py: -1
[2014-08-16 01:07:40] EDIT team_drafter/models/db0_config.py: 0
[2014-08-16 01:12:00] EDIT team_drafter/models/menu.py: 1
[2014-08-16 01:12:21] EDIT team_drafter/controllers/draft.py: 2
[2014-08-16 01:12:59] EDIT team_drafter/models/menu.py: 0
[2014-08-16 01:14:39] EDIT team_drafter/controllers/draft.py: 0
[2014-08-16 01:16:44] EDIT team_drafter/models/menu.py: 2
[2014-08-16 01:24:32] EDIT team_drafter/models/db1_tables.py: 2
[2014-08-16 01:30:16] EDIT team_drafter/models/db1_tables.py: 0
[2014-08-16 01:31:02] EDIT team_drafter/models/db1_tables.py: 0
[2014-08-16 07:55:23] EDIT team_drafter/models/db1_tables.py: 1
[2014-08-16 07:55:49] EDIT team_drafter/models/db1_tables.py: 1
[2014-08-16 07:56:31] EDIT team_drafter/models/db1_tables.py: 2
[2014-08-16 07:56:55] EDIT team_drafter/models/db1_tables.py: 0
[2014-08-16 07:57:53] EDIT team_drafter/models/db1_tables.py: 0
[2014-08-16 08:00:47] CREATE draft/manage_draft.html: 0
[2014-08-16 08:11:41] EDIT team_drafter/views/draft/manage_draft.html: 5
[2014-08-16 08:12:21] EDIT team_drafter/views/draft/manage_draft.html: 0
[2014-08-16 08:39:34] EDIT team_drafter/views/draft/manage_draft.html: 0
[2014-08-16 08:40:47] EDIT team_drafter/views/draft/manage_draft.html: 1
[2014-08-16 08:43:26] EDIT team_drafter/views/draft/manage_draft.html: 8
[2014-08-16 08:45:37] EDIT team_drafter/views/draft/manage_draft.html: 24
[2014-08-16 08:48:12] EDIT team_drafter/views/draft/manage_draft.html: 0
[2014-08-16 12:01:42] EDIT team_drafter/controllers/draft.py: 1
[2014-08-16 12:03:05] EDIT team_drafter/controllers/draft.py: 0
[2014-08-16 12:05:12] EDIT team_drafter/views/draft/manage_draft.html: 3
[2014-08-16 12:05:56] EDIT team_drafter/views/draft/manage_draft.html: 0
[2014-08-16 12:59:58] EDIT team_drafter/controllers/draft.py: 0
[2014-08-16 13:03:01] EDIT team_drafter/views/draft/manage_draft.html: 0
[2014-08-16 13:49:16] EDIT team_drafter/views/draft/manage_draft.html: 13
[2014-08-16 13:56:59] EDIT team_drafter/controllers/draft.py: 2
[2014-08-16 14:04:59] EDIT team_drafter/controllers/draft.py: 0
[2014-08-16 14:05:14] EDIT team_drafter/views/draft/manage_draft.html: 0
[2014-08-16 14:07:57] EDIT team_drafter/views/draft/manage_draft.html: 2
[2014-08-16 14:08:27] EDIT team_drafter/views/draft/manage_draft.html: 0
[2014-08-16 14:16:44] EDIT team_drafter/views/draft/manage_draft.html: -2
[2014-08-16 14:17:07] EDIT team_drafter/views/draft/manage_draft.html: 0
[2014-08-16 14:17:55] EDIT team_drafter/views/draft/manage_draft.html: 0
[2014-08-16 14:18:15] EDIT team_drafter/views/draft/manage_draft.html: 0
[2014-08-16 14:22:36] EDIT team_drafter/views/draft/manage_draft.html: 0
[2014-08-16 14:24:24] EDIT team_drafter/views/draft/manage_draft.html: 0
[2014-08-16 14:25:03] EDIT team_drafter/views/draft/manage_draft.html: 0
[2014-08-16 14:30:58] EDIT team_drafter/views/draft/manage_draft.html: -21
[2014-08-16 14:31:14] EDIT team_drafter/views/draft/manage_draft.html: 0
[2014-08-16 14:31:44] EDIT team_drafter/views/draft/manage_draft.html: 0
[2014-08-16 14:34:56] EDIT team_drafter/views/draft/manage_draft.html: 9
[2014-08-16 14:35:21] EDIT team_drafter/views/draft/manage_draft.html: 0
[2014-08-16 14:35:48] EDIT team_drafter/views/draft/manage_draft.html: 0
[2014-08-16 14:36:25] EDIT team_drafter/views/draft/manage_draft.html: 0
[2014-08-16 14:38:11] EDIT team_drafter/views/draft/manage_draft.html: 0
[2014-08-16 14:38:57] EDIT team_drafter/views/draft/manage_draft.html: 0
[2014-08-16 14:40:02] EDIT team_drafter/views/draft/manage_draft.html: 0
[2014-08-16 14:42:13] EDIT team_drafter/views/draft/manage_draft.html: 0
[2014-08-16 14:42:45] EDIT team_drafter/views/draft/manage_draft.html: 0
[2014-08-16 14:43:10] EDIT team_drafter/views/draft/manage_draft.html: 0
[2014-08-16 14:43:36] EDIT team_drafter/views/draft/manage_draft.html: 0
[2014-08-16 14:44:35] EDIT team_drafter/views/draft/manage_draft.html: 0
[2014-08-16 14:44:50] EDIT team_drafter/views/draft/manage_draft.html: 0
[2014-08-16 14:48:56] EDIT team_drafter/views/draft/manage_draft.html: 1
[2014-08-16 14:49:39] EDIT team_drafter/views/draft/manage_draft.html: 0
[2014-08-16 14:50:37] EDIT team_drafter/views/draft/manage_draft.html: 0
[2014-08-16 14:52:21] EDIT team_drafter/views/draft/manage_draft.html: 2
[2014-08-16 14:52:47] EDIT team_drafter/views/draft/manage_draft.html: 0
[2014-08-16 14:53:49] EDIT team_drafter/views/draft/manage_draft.html: -3
[2014-08-16 14:54:10] EDIT team_drafter/views/draft/manage_draft.html: 0
[2014-08-16 14:54:30] EDIT team_drafter/views/draft/manage_draft.html: 0
[2014-08-16 14:57:02] EDIT team_drafter/views/draft/manage_draft.html: 3
[2014-08-16 14:57:22] EDIT team_drafter/views/draft/manage_draft.html: 0
[2014-08-16 14:57:38] EDIT team_drafter/views/draft/manage_draft.html: 0
[2014-08-16 14:58:20] EDIT team_drafter/views/draft/manage_draft.html: 0
[2014-08-16 14:58:55] EDIT team_drafter/views/draft/manage_draft.html: 0
[2014-08-16 14:59:13] EDIT team_drafter/views/draft/manage_draft.html: 0
[2014-08-16 15:01:22] EDIT team_drafter/views/draft/manage_draft.html: 0
[2014-08-16 15:02:21] EDIT team_drafter/views/draft/manage_draft.html: 0
[2014-08-16 15:02:50] EDIT team_drafter/views/draft/manage_draft.html: 0
[2014-08-16 15:03:04] EDIT team_drafter/views/draft/manage_draft.html: 0
[2014-08-16 15:03:41] EDIT team_drafter/views/draft/manage_draft.html: 0
[2014-08-16 15:04:04] EDIT team_drafter/views/draft/manage_draft.html: 0
[2014-08-16 15:04:22] EDIT team_drafter/views/draft/manage_draft.html: 0
[2014-08-16 15:09:43] EDIT team_drafter/views/draft/manage_draft.html: 4
[2014-08-16 15:10:10] EDIT team_drafter/views/draft/manage_draft.html: 0
[2014-08-16 15:16:51] EDIT team_drafter/controllers/draft.py: 3
[2014-08-16 15:17:57] EDIT team_drafter/views/draft/manage_draft.html: -3
[2014-08-16 15:18:37] EDIT team_drafter/controllers/draft.py: 0
[2014-08-16 15:21:16] EDIT team_drafter/controllers/draft.py: 6
[2014-08-16 15:23:54] EDIT team_drafter/views/draft/manage_draft.html: 1
[2014-08-16 15:24:04] EDIT team_drafter/views/draft/manage_draft.html: 0
[2014-08-16 15:29:32] EDIT team_drafter/controllers/draft.py: -2
[2014-08-16 15:30:53] EDIT team_drafter/controllers/draft.py: -6
[2014-08-16 15:31:22] EDIT team_drafter/controllers/draft.py: -1
[2014-08-16 15:32:10] EDIT team_drafter/controllers/draft.py: 1
[2014-08-16 15:39:11] EDIT team_drafter/controllers/draft.py: 0
[2014-08-16 15:40:48] EDIT team_drafter/controllers/draft.py: 0
[2014-08-16 15:44:30] EDIT team_drafter/views/draft/manage_draft.html: 0
[2014-08-16 15:45:04] EDIT team_drafter/views/draft/manage_draft.html: 2
[2014-08-16 15:45:51] EDIT team_drafter/views/draft/manage_draft.html: 2
[2014-08-16 15:47:57] EDIT team_drafter/views/draft/manage_draft.html: 6
[2014-08-16 15:48:29] EDIT team_drafter/views/draft/manage_draft.html: 0
[2014-08-16 15:48:50] EDIT team_drafter/views/draft/manage_draft.html: 0
[2014-08-16 15:49:05] EDIT team_drafter/views/draft/manage_draft.html: 0
[2014-08-16 15:55:38] EDIT team_drafter/controllers/draft.py: 1
[2014-08-16 15:55:45] EDIT team_drafter/controllers/draft.py: 0
[2014-08-16 15:56:07] EDIT team_drafter/controllers/draft.py: 0
[2014-08-16 15:57:18] EDIT team_drafter/controllers/draft.py: 0
[2014-08-16 15:57:27] EDIT team_drafter/controllers/draft.py: 0
[2014-08-16 15:57:54] EDIT team_drafter/controllers/draft.py: 0
[2014-08-16 15:58:59] EDIT team_drafter/controllers/draft.py: 0
[2014-08-16 16:01:25] EDIT team_drafter/controllers/draft.py: 1
[2014-08-16 16:02:16] EDIT team_drafter/controllers/draft.py: 2
[2014-08-16 16:03:02] EDIT team_drafter/models/db1_tables.py: 1
[2014-08-16 16:04:30] EDIT team_drafter/controllers/draft.py: 2
[2014-08-16 16:05:07] EDIT team_drafter/controllers/draft.py: 0
[2014-08-16 16:05:22] EDIT team_drafter/controllers/draft.py: 0
[2014-08-16 16:06:32] EDIT team_drafter/controllers/draft.py: 0
[2014-08-16 16:07:33] EDIT team_drafter/controllers/draft.py: 2
[2014-08-16 16:09:28] EDIT team_drafter/controllers/draft.py: -1
[2014-08-16 16:10:48] EDIT team_drafter/models/db1_tables.py: 1
[2014-08-16 16:12:53] EDIT team_drafter/controllers/draft.py: 0
[2014-08-16 16:13:36] EDIT team_drafter/controllers/draft.py: 0
[2014-08-16 16:14:28] EDIT team_drafter/controllers/draft.py: 0
[2014-08-16 16:16:20] EDIT team_drafter/views/draft/manage_draft.html: 0
[2014-08-16 16:16:39] EDIT team_drafter/controllers/draft.py: 1
[2014-08-16 16:16:47] EDIT team_drafter/controllers/draft.py: 0
[2014-08-16 16:21:16] EDIT team_drafter/controllers/draft.py: 5
[2014-08-16 16:27:51] EDIT team_drafter/controllers/draft.py: 0
[2014-08-16 16:28:38] EDIT team_drafter/views/draft/manage_draft.html: -1
[2014-08-16 16:29:25] EDIT team_drafter/views/draft/manage_draft.html: -1
[2014-08-16 16:29:43] EDIT team_drafter/views/draft/manage_draft.html: 0
[2014-08-16 16:32:18] EDIT team_drafter/views/draft/manage_draft.html: 0
[2014-08-16 16:49:01] EDIT team_drafter/views/draft/manage_draft.html: 7
[2014-08-16 16:49:35] EDIT team_drafter/views/draft/manage_draft.html: -3
[2014-08-16 16:50:41] EDIT team_drafter/views/draft/manage_draft.html: 2
[2014-08-16 16:55:19] EDIT team_drafter/views/draft/manage_draft.html: 0
[2014-08-16 17:18:51] EDIT team_drafter/controllers/draft.py: 2
[2014-08-16 17:22:09] EDIT team_drafter/views/draft/manage_draft.html: 1
[2014-08-16 17:23:38] EDIT team_drafter/views/draft/manage_draft.html: 1
[2014-08-16 17:28:02] EDIT team_drafter/controllers/draft.py: 1
[2014-08-16 17:37:44] EDIT team_drafter/views/draft/manage_draft.html: 2
[2014-08-16 17:38:11] EDIT team_drafter/views/draft/manage_draft.html: 1
[2014-08-16 17:39:03] EDIT team_drafter/controllers/draft.py: 0
[2014-08-16 17:41:18] EDIT team_drafter/views/draft/manage_draft.html: 0
[2014-08-16 17:42:28] EDIT team_drafter/views/draft/manage_draft.html: 0
[2014-08-16 17:43:22] EDIT team_drafter/views/draft/manage_draft.html: 0
[2014-08-16 17:44:11] EDIT team_drafter/views/draft/manage_draft.html: 0
[2014-08-16 17:45:15] EDIT team_drafter/views/draft/manage_draft.html: 2
[2014-08-16 17:45:19] EDIT team_drafter/views/draft/manage_draft.html: 0
[2014-08-16 17:45:35] EDIT team_drafter/views/draft/manage_draft.html: 0
[2014-08-16 17:46:00] EDIT team_drafter/views/draft/manage_draft.html: 0
[2014-08-16 17:46:19] EDIT team_drafter/views/draft/manage_draft.html: 0
[2014-08-16 17:46:48] EDIT team_drafter/views/draft/manage_draft.html: 0
[2014-08-16 17:48:46] EDIT team_drafter/views/draft/manage_draft.html: -2
[2014-08-16 17:49:06] EDIT team_drafter/views/draft/manage_draft.html: 0
[2014-08-16 17:50:15] EDIT team_drafter/models/db1_tables.py: 0
[2014-08-16 17:52:38] EDIT team_drafter/views/draft/manage_draft.html: 5
[2014-08-16 17:55:15] EDIT team_drafter/views/draft/manage_draft.html: 0
[2014-08-16 17:56:27] EDIT team_drafter/views/draft/manage_draft.html: 3
[2014-08-16 17:57:03] EDIT team_drafter/views/draft/manage_draft.html: 0
[2014-08-16 17:57:42] EDIT team_drafter/views/draft/manage_draft.html: -2
[2014-08-16 18:02:25] EDIT team_drafter/views/draft/manage_draft.html: 1
[2014-08-16 18:03:30] EDIT team_drafter/views/draft/manage_draft.html: -1
[2014-08-16 18:04:27] EDIT team_drafter/views/draft/manage_draft.html: 1
[2014-08-16 18:05:29] EDIT team_drafter/views/draft/manage_draft.html: 0
[2014-08-16 18:05:50] EDIT team_drafter/views/draft/manage_draft.html: 0
[2014-08-16 18:06:09] EDIT team_drafter/views/draft/manage_draft.html: 0
[2014-08-16 18:07:04] EDIT team_drafter/views/draft/manage_draft.html: 0
[2014-08-16 18:07:46] EDIT team_drafter/views/draft/manage_draft.html: 0
[2014-08-16 18:08:12] EDIT team_drafter/views/draft/manage_draft.html: 0
[2014-08-16 18:08:28] EDIT team_drafter/views/draft/manage_draft.html: 0
[2014-08-16 18:11:55] EDIT team_drafter/models/db1_tables.py: 0
[2014-08-16 18:13:21] EDIT team_drafter/views/draft/manage_draft.html: 0
[2014-08-16 18:13:37] EDIT team_drafter/views/draft/manage_draft.html: 0
[2014-08-16 18:14:45] EDIT team_drafter/views/draft/manage_draft.html: 0
[2014-08-16 18:15:06] EDIT team_drafter/views/draft/manage_draft.html: 0
[2014-08-16 18:20:31] EDIT team_drafter/controllers/draft.py: 1
[2014-08-16 18:22:24] EDIT team_drafter/controllers/draft.py: 1
[2014-08-16 18:23:47] EDIT team_drafter/controllers/draft.py: 1
[2014-08-16 18:25:36] EDIT team_drafter/controllers/draft.py: 1
[2014-08-16 18:28:06] EDIT team_drafter/views/draft/manage_draft.html: 2
[2014-08-16 18:28:58] EDIT team_drafter/views/draft/manage_draft.html: 0
[2014-08-16 18:30:45] EDIT team_drafter/views/draft/manage_draft.html: 2
[2014-08-16 18:31:06] EDIT team_drafter/views/draft/manage_draft.html: 0
[2014-08-16 18:32:44] EDIT team_drafter/views/draft/manage_draft.html: 0
[2014-08-16 18:33:06] EDIT team_drafter/controllers/draft.py: -2
[2014-08-16 18:33:38] EDIT team_drafter/controllers/draft.py: -1
[2014-08-16 18:39:33] EDIT team_drafter/models/db1_tables.py: 2
[2014-08-16 18:41:24] EDIT team_drafter/models/db1_tables.py: 0
[2014-08-16 18:41:55] EDIT team_drafter/models/db1_tables.py: 0
[2014-08-16 18:42:24] EDIT team_drafter/models/db1_tables.py: 0
[2014-08-16 18:42:35] EDIT team_drafter/models/db1_tables.py: 0
[2014-08-16 18:51:08] EDIT team_drafter/models/db1_tables.py: 3
[2014-08-16 18:51:57] EDIT team_drafter/models/db1_tables.py: 0
[2014-08-16 18:53:29] EDIT team_drafter/models/db1_tables.py: 0
[2014-08-16 18:56:54] EDIT team_drafter/models/db1_tables.py: 0
[2014-08-16 19:14:36] EDIT team_drafter/models/db1_tables.py: -2
